CRITICAL - 2022-05-10 13:32:15 --> Unclosed '{' on line 6
#0 C:\xampp\htdocs\ci4app\system\Autoloader\Autoloader.php(241): CodeIgniter\Autoloader\Autoloader->includeFile('C:\\xampp\\htdocs...')
#1 C:\xampp\htdocs\ci4app\system\Autoloader\Autoloader.php(219): CodeIgniter\Autoloader\Autoloader->loadInNamespace('App\\Controllers...')
#2 [internal function]: CodeIgniter\Autoloader\Autoloader->loadClass('App\\Controllers...')
#3 C:\xampp\htdocs\ci4app\system\CodeIgniter.php(797): class_exists('\\App\\Controller...', true)
#4 C:\xampp\htdocs\ci4app\system\CodeIgniter.php(406): CodeIgniter\CodeIgniter->startController()
#5 C:\xampp\htdocs\ci4app\system\CodeIgniter.php(326): CodeIgniter\CodeIgniter->handleRequest(NULL, Object(Config\Cache), false)
#6 C:\xampp\htdocs\ci4app\public\index.php(37): CodeIgniter\CodeIgniter->run()
#7 {main}
CRITICAL - 2022-05-10 13:44:12 --> Too few arguments to function App\Controllers\Produtos::detalhes(), 0 passed in C:\xampp\htdocs\ci4app\system\CodeIgniter.php on line 832 and exactly 1 expected
#0 C:\xampp\htdocs\ci4app\system\CodeIgniter.php(832): App\Controllers\Produtos->detalhes()
#1 C:\xampp\htdocs\ci4app\system\CodeIgniter.php(419): CodeIgniter\CodeIgniter->runController(Object(App\Controllers\Produtos))
#2 C:\xampp\htdocs\ci4app\system\CodeIgniter.php(326): CodeIgniter\CodeIgniter->handleRequest(NULL, Object(Config\Cache), false)
#3 C:\xampp\htdocs\ci4app\public\index.php(37): CodeIgniter\CodeIgniter->run()
#4 {main}
CRITICAL - 2022-05-10 14:35:53 --> Undefined property: App\Controllers\Produtos::$produtos
#0 C:\xampp\htdocs\ci4app\app\Controllers\Produtos.php(12): CodeIgniter\Debug\Exceptions->errorHandler(2, 'Undefined prope...', 'C:\\xampp\\htdocs...', 12)
#1 C:\xampp\htdocs\ci4app\system\CodeIgniter.php(832): App\Controllers\Produtos->index()
#2 C:\xampp\htdocs\ci4app\system\CodeIgniter.php(419): CodeIgniter\CodeIgniter->runController(Object(App\Controllers\Produtos))
#3 C:\xampp\htdocs\ci4app\system\CodeIgniter.php(326): CodeIgniter\CodeIgniter->handleRequest(NULL, Object(Config\Cache), false)
#4 C:\xampp\htdocs\ci4app\public\index.php(37): CodeIgniter\CodeIgniter->run()
#5 {main}
